[0.017s] Invoking command in '/home/sanjay/Desktop/cobot600/build/cpp_cobot_planning': CMAKE_PREFIX_PATH=${CMAKE_PREFIX_PATH}:/home/sanjay/ws_moveit2/install/moveit_configs_utils:/home/sanjay/ws_moveit2/install/launch_param_builder:/opt/ros/humble /usr/bin/cmake --build /home/sanjay/Desktop/cobot600/build/cpp_cobot_planning -- -j22 -l22
[0.052s] -- Found ament_cmake: 1.3.10 (/opt/ros/humble/share/ament_cmake/cmake)
[0.201s] -- Found moveit_ros_planning_interface: 2.5.5 (/home/sanjay/ws_moveit2/install/moveit_ros_planning_interface/share/moveit_ros_planning_interface/cmake)
[0.214s] -- Found Boost: /usr/lib/x86_64-linux-gnu/cmake/Boost-1.74.0/BoostConfig.cmake (found version "1.74.0") found components: date_time filesystem program_options system thread 
[0.241s] -- Found rosidl_generator_c: 3.1.5 (/opt/ros/humble/share/rosidl_generator_c/cmake)
[0.244s] -- Found rosidl_adapter: 3.1.5 (/opt/ros/humble/share/rosidl_adapter/cmake)
[0.249s] -- Found rosidl_generator_cpp: 3.1.5 (/opt/ros/humble/share/rosidl_generator_cpp/cmake)
[0.261s] -- Using all available rosidl_typesupport_c: rosidl_typesupport_fastrtps_c;rosidl_typesupport_introspection_c
[0.274s] -- Using all available rosidl_typesupport_cpp: rosidl_typesupport_fastrtps_cpp;rosidl_typesupport_introspection_cpp
[0.456s] -- Found Boost: /usr/lib/x86_64-linux-gnu/cmake/Boost-1.74.0/BoostConfig.cmake (found version "1.74.0") found components: chrono date_time filesystem iostreams program_options regex serialization system thread 
[0.486s] -- Found parameter_traits: 0.3.9 (/opt/ros/humble/share/parameter_traits/cmake)
[0.513s] -- Found rmw_implementation_cmake: 6.1.2 (/opt/ros/humble/share/rmw_implementation_cmake/cmake)
[0.516s] -- Found rmw_fastrtps_cpp: 6.2.7 (/opt/ros/humble/share/rmw_fastrtps_cpp/cmake)
[0.641s] -- Using RMW implementation 'rmw_fastrtps_cpp' as default
[0.686s] -- Found rclcpp_lifecycle: 16.0.10 (/opt/ros/humble/share/rclcpp_lifecycle/cmake)
[0.707s] -- Found Boost: /usr/lib/x86_64-linux-gnu/cmake/Boost-1.74.0/BoostConfig.cmake (found version "1.74.0") found components: filesystem 
[0.750s] -- library: /usr/lib/x86_64-linux-gnu/libcurl.so
[0.777s] -- Ensuring Eigen3 include directory is part of orocos-kdl CMake target
[0.889s] -- Found Boost: /usr/lib/x86_64-linux-gnu/cmake/Boost-1.74.0/BoostConfig.cmake (found version "1.74.0") found components: system filesystem date_time program_options thread chrono 
[0.922s] -- Found Boost: /usr/lib/x86_64-linux-gnu/cmake/Boost-1.74.0/BoostConfig.cmake (found version "1.74.0") found components: thread system filesystem regex date_time program_options 
[0.943s] -- Found Boost: /usr/lib/x86_64-linux-gnu/cmake/Boost-1.74.0/BoostConfig.cmake (found version "1.74.0") found components: system filesystem date_time program_options thread 
[0.981s] -- Found ament_lint_auto: 0.12.11 (/opt/ros/humble/share/ament_lint_auto/cmake)
[1.059s] -- Added test 'cppcheck' to perform static code analysis on C / C++ code
[1.059s] -- Configured cppcheck include dirs: $<BUILD_INTERFACE:/home/sanjay/Desktop/cobot600/src/cpp_cobot_planning/include>
[1.059s] -- Configured cppcheck exclude dirs and/or files: 
[1.060s] -- Added test 'lint_cmake' to check CMake code style
[1.063s] -- Added test 'uncrustify' to check C / C++ code style
[1.063s] -- Configured uncrustify additional arguments: 
[1.064s] -- Added test 'xmllint' to check XML markup files
[1.065s] -- Configuring done
[1.131s] -- Generating done
[1.146s] -- Build files have been written to: /home/sanjay/Desktop/cobot600/build/cpp_cobot_planning
[1.197s] [35m[1mConsolidate compiler generated dependencies of target cpp_cobot_planning[0m
[1.197s] [35m[1mConsolidate compiler generated dependencies of target generating_waypoints[0m
[1.198s] [35m[1mConsolidate compiler generated dependencies of target reading_joint_states[0m
[1.228s] [ 66%] Built target cpp_cobot_planning
[1.228s] [ 66%] Built target reading_joint_states
[1.228s] [100%] Built target generating_waypoints
[1.245s] Invoked command in '/home/sanjay/Desktop/cobot600/build/cpp_cobot_planning' returned '0': CMAKE_PREFIX_PATH=${CMAKE_PREFIX_PATH}:/home/sanjay/ws_moveit2/install/moveit_configs_utils:/home/sanjay/ws_moveit2/install/launch_param_builder:/opt/ros/humble /usr/bin/cmake --build /home/sanjay/Desktop/cobot600/build/cpp_cobot_planning -- -j22 -l22
[1.247s] Invoking command in '/home/sanjay/Desktop/cobot600/build/cpp_cobot_planning': CMAKE_PREFIX_PATH=${CMAKE_PREFIX_PATH}:/home/sanjay/ws_moveit2/install/moveit_configs_utils:/home/sanjay/ws_moveit2/install/launch_param_builder:/opt/ros/humble /usr/bin/cmake --install /home/sanjay/Desktop/cobot600/build/cpp_cobot_planning
[1.258s] -- Install configuration: ""
[1.258s] -- Up-to-date: /home/sanjay/Desktop/cobot600/install/cpp_cobot_planning/lib/cpp_cobot_planning/cpp_cobot_planning
[1.258s] -- Up-to-date: /home/sanjay/Desktop/cobot600/install/cpp_cobot_planning/lib/cpp_cobot_planning/generating_waypoints
[1.259s] -- Up-to-date: /home/sanjay/Desktop/cobot600/install/cpp_cobot_planning/lib/cpp_cobot_planning/reading_joint_states
[1.259s] -- Up-to-date: /home/sanjay/Desktop/cobot600/install/cpp_cobot_planning/share/ament_index/resource_index/package_run_dependencies/cpp_cobot_planning
[1.259s] -- Up-to-date: /home/sanjay/Desktop/cobot600/install/cpp_cobot_planning/share/ament_index/resource_index/parent_prefix_path/cpp_cobot_planning
[1.259s] -- Up-to-date: /home/sanjay/Desktop/cobot600/install/cpp_cobot_planning/share/cpp_cobot_planning/environment/ament_prefix_path.sh
[1.259s] -- Installing: /home/sanjay/Desktop/cobot600/install/cpp_cobot_planning/share/cpp_cobot_planning/environment/ament_prefix_path.dsv
[1.259s] -- Up-to-date: /home/sanjay/Desktop/cobot600/install/cpp_cobot_planning/share/cpp_cobot_planning/environment/path.sh
[1.259s] -- Installing: /home/sanjay/Desktop/cobot600/install/cpp_cobot_planning/share/cpp_cobot_planning/environment/path.dsv
[1.259s] -- Up-to-date: /home/sanjay/Desktop/cobot600/install/cpp_cobot_planning/share/cpp_cobot_planning/local_setup.bash
[1.259s] -- Up-to-date: /home/sanjay/Desktop/cobot600/install/cpp_cobot_planning/share/cpp_cobot_planning/local_setup.sh
[1.259s] -- Up-to-date: /home/sanjay/Desktop/cobot600/install/cpp_cobot_planning/share/cpp_cobot_planning/local_setup.zsh
[1.259s] -- Installing: /home/sanjay/Desktop/cobot600/install/cpp_cobot_planning/share/cpp_cobot_planning/local_setup.dsv
[1.260s] -- Installing: /home/sanjay/Desktop/cobot600/install/cpp_cobot_planning/share/cpp_cobot_planning/package.dsv
[1.260s] -- Up-to-date: /home/sanjay/Desktop/cobot600/install/cpp_cobot_planning/share/ament_index/resource_index/packages/cpp_cobot_planning
[1.260s] -- Up-to-date: /home/sanjay/Desktop/cobot600/install/cpp_cobot_planning/share/cpp_cobot_planning/cmake/cpp_cobot_planningConfig.cmake
[1.260s] -- Up-to-date: /home/sanjay/Desktop/cobot600/install/cpp_cobot_planning/share/cpp_cobot_planning/cmake/cpp_cobot_planningConfig-version.cmake
[1.260s] -- Up-to-date: /home/sanjay/Desktop/cobot600/install/cpp_cobot_planning/share/cpp_cobot_planning/package.xml
[1.262s] Invoked command in '/home/sanjay/Desktop/cobot600/build/cpp_cobot_planning' returned '0': CMAKE_PREFIX_PATH=${CMAKE_PREFIX_PATH}:/home/sanjay/ws_moveit2/install/moveit_configs_utils:/home/sanjay/ws_moveit2/install/launch_param_builder:/opt/ros/humble /usr/bin/cmake --install /home/sanjay/Desktop/cobot600/build/cpp_cobot_planning
