[0.123s] DEBUG:colcon:Command line arguments: ['/usr/bin/colcon', 'build']
[0.123s] DEBUG:colcon:Parsed command line arguments: Namespace(log_base=None, log_level=None, verb_name='build', build_base='build', install_base='install', merge_install=False, symlink_install=False, test_result_base=None, continue_on_error=False, executor='parallel', parallel_workers=22, event_handlers=None, ignore_user_meta=False, metas=['./colcon.meta'], base_paths=['.'], packages_ignore=None, packages_ignore_regex=None, paths=None, packages_up_to=None, packages_up_to_regex=None, packages_above=None, packages_above_and_dependencies=None, packages_above_depth=None, packages_select_by_dep=None, packages_skip_by_dep=None, packages_skip_up_to=None, packages_select_build_failed=False, packages_skip_build_finished=False, packages_select_test_failures=False, packages_skip_test_passed=False, packages_select=None, packages_skip=None, packages_select_regex=None, packages_skip_regex=None, packages_start=None, packages_end=None, allow_overriding=[], cmake_args=None, cmake_target=None, cmake_target_skip_unavailable=False, cmake_clean_cache=False, cmake_clean_first=False, cmake_force_configure=False, ament_cmake_args=None, catkin_cmake_args=None, catkin_skip_building_tests=False, mixin_files=None, mixin=None, verb_parser=<colcon_mixin.mixin.mixin_argument.MixinArgumentDecorator object at 0x7d4d1c43a410>, verb_extension=<colcon_core.verb.build.BuildVerb object at 0x7d4d1c439e10>, main=<bound method BuildVerb.main of <colcon_core.verb.build.BuildVerb object at 0x7d4d1c439e10>>, mixin_verb=('build',))
[0.287s] Level 1:colcon.colcon_core.package_discovery:discover_packages(colcon_meta) check parameters
[0.287s] Level 1:colcon.colcon_core.package_discovery:discover_packages(recursive) check parameters
[0.287s] Level 1:colcon.colcon_core.package_discovery:discover_packages(ignore) check parameters
[0.287s] Level 1:colcon.colcon_core.package_discovery:discover_packages(path) check parameters
[0.287s] Level 1:colcon.colcon_core.package_discovery:discover_packages(colcon_meta) discover
[0.287s] Level 1:colcon.colcon_core.package_discovery:discover_packages(recursive) discover
[0.287s] INFO:colcon.colcon_core.package_discovery:Crawling recursively for packages in '/home/sanjay/Desktop/cobot600'
[0.287s] Level 1:colcon.colcon_core.package_identification:_identify(.) by extensions ['ignore', 'ignore_ament_install']
[0.287s] Level 1:colcon.colcon_core.package_identification:_identify(.) by extension 'ignore'
[0.288s] Level 1:colcon.colcon_core.package_identification:_identify(.) by extension 'ignore_ament_install'
[0.288s] Level 1:colcon.colcon_core.package_identification:_identify(.) by extensions ['colcon_pkg']
[0.288s] Level 1:colcon.colcon_core.package_identification:_identify(.) by extension 'colcon_pkg'
[0.288s] Level 1:colcon.colcon_core.package_identification:_identify(.) by extensions ['colcon_meta']
[0.288s] Level 1:colcon.colcon_core.package_identification:_identify(.) by extension 'colcon_meta'
[0.288s] Level 1:colcon.colcon_core.package_identification:_identify(.) by extensions ['ros']
[0.288s] Level 1:colcon.colcon_core.package_identification:_identify(.) by extension 'ros'
[0.299s] Level 1:colcon.colcon_core.package_identification:_identify(.) by extensions ['cmake', 'python']
[0.299s] Level 1:colcon.colcon_core.package_identification:_identify(.) by extension 'cmake'
[0.299s] Level 1:colcon.colcon_core.package_identification:_identify(.) by extension 'python'
[0.299s] Level 1:colcon.colcon_core.package_identification:_identify(.) by extensions ['python_setup_py']
[0.299s] Level 1:colcon.colcon_core.package_identification:_identify(.) by extension 'python_setup_py'
[0.299s] Level 1:colcon.colcon_core.package_identification:_identify(build) by extensions ['ignore', 'ignore_ament_install']
[0.299s] Level 1:colcon.colcon_core.package_identification:_identify(build) by extension 'ignore'
[0.299s] Level 1:colcon.colcon_core.package_identification:_identify(build) ignored
[0.299s] Level 1:colcon.colcon_core.package_identification:_identify(install) by extensions ['ignore', 'ignore_ament_install']
[0.299s] Level 1:colcon.colcon_core.package_identification:_identify(install) by extension 'ignore'
[0.299s] Level 1:colcon.colcon_core.package_identification:_identify(install) ignored
[0.299s] Level 1:colcon.colcon_core.package_identification:_identify(log) by extensions ['ignore', 'ignore_ament_install']
[0.299s] Level 1:colcon.colcon_core.package_identification:_identify(log) by extension 'ignore'
[0.299s] Level 1:colcon.colcon_core.package_identification:_identify(log) ignored
[0.299s] Level 1:colcon.colcon_core.package_identification:_identify(src) by extensions ['ignore', 'ignore_ament_install']
[0.300s] Level 1:colcon.colcon_core.package_identification:_identify(src) by extension 'ignore'
[0.300s] Level 1:colcon.colcon_core.package_identification:_identify(src) by extension 'ignore_ament_install'
[0.300s] Level 1:colcon.colcon_core.package_identification:_identify(src) by extensions ['colcon_pkg']
[0.300s] Level 1:colcon.colcon_core.package_identification:_identify(src) by extension 'colcon_pkg'
[0.300s] Level 1:colcon.colcon_core.package_identification:_identify(src) by extensions ['colcon_meta']
[0.300s] Level 1:colcon.colcon_core.package_identification:_identify(src) by extension 'colcon_meta'
[0.300s] Level 1:colcon.colcon_core.package_identification:_identify(src) by extensions ['ros']
[0.300s] Level 1:colcon.colcon_core.package_identification:_identify(src) by extension 'ros'
[0.300s] Level 1:colcon.colcon_core.package_identification:_identify(src) by extensions ['cmake', 'python']
[0.300s] Level 1:colcon.colcon_core.package_identification:_identify(src) by extension 'cmake'
[0.300s] Level 1:colcon.colcon_core.package_identification:_identify(src) by extension 'python'
[0.300s] Level 1:colcon.colcon_core.package_identification:_identify(src) by extensions ['python_setup_py']
[0.300s] Level 1:colcon.colcon_core.package_identification:_identify(src) by extension 'python_setup_py'
[0.300s] Level 1:colcon.colcon_core.package_identification:_identify(src/Aruco_Markers) by extensions ['ignore', 'ignore_ament_install']
[0.300s] Level 1:colcon.colcon_core.package_identification:_identify(src/Aruco_Markers) by extension 'ignore'
[0.300s] Level 1:colcon.colcon_core.package_identification:_identify(src/Aruco_Markers) by extension 'ignore_ament_install'
[0.300s] Level 1:colcon.colcon_core.package_identification:_identify(src/Aruco_Markers) by extensions ['colcon_pkg']
[0.300s] Level 1:colcon.colcon_core.package_identification:_identify(src/Aruco_Markers) by extension 'colcon_pkg'
[0.300s] Level 1:colcon.colcon_core.package_identification:_identify(src/Aruco_Markers) by extensions ['colcon_meta']
[0.300s] Level 1:colcon.colcon_core.package_identification:_identify(src/Aruco_Markers) by extension 'colcon_meta'
[0.300s] Level 1:colcon.colcon_core.package_identification:_identify(src/Aruco_Markers) by extensions ['ros']
[0.300s] Level 1:colcon.colcon_core.package_identification:_identify(src/Aruco_Markers) by extension 'ros'
[0.300s] Level 1:colcon.colcon_core.package_identification:_identify(src/Aruco_Markers) by extensions ['cmake', 'python']
[0.300s] Level 1:colcon.colcon_core.package_identification:_identify(src/Aruco_Markers) by extension 'cmake'
[0.300s] Level 1:colcon.colcon_core.package_identification:_identify(src/Aruco_Markers) by extension 'python'
[0.300s] Level 1:colcon.colcon_core.package_identification:_identify(src/Aruco_Markers) by extensions ['python_setup_py']
[0.301s] Level 1:colcon.colcon_core.package_identification:_identify(src/Aruco_Markers) by extension 'python_setup_py'
[0.301s] Level 1:colcon.colcon_core.package_identification:_identify(src/Aruco_Markers/images) by extensions ['ignore', 'ignore_ament_install']
[0.301s] Level 1:colcon.colcon_core.package_identification:_identify(src/Aruco_Markers/images) by extension 'ignore'
[0.301s] Level 1:colcon.colcon_core.package_identification:_identify(src/Aruco_Markers/images) by extension 'ignore_ament_install'
[0.301s] Level 1:colcon.colcon_core.package_identification:_identify(src/Aruco_Markers/images) by extensions ['colcon_pkg']
[0.301s] Level 1:colcon.colcon_core.package_identification:_identify(src/Aruco_Markers/images) by extension 'colcon_pkg'
[0.301s] Level 1:colcon.colcon_core.package_identification:_identify(src/Aruco_Markers/images) by extensions ['colcon_meta']
[0.301s] Level 1:colcon.colcon_core.package_identification:_identify(src/Aruco_Markers/images) by extension 'colcon_meta'
[0.301s] Level 1:colcon.colcon_core.package_identification:_identify(src/Aruco_Markers/images) by extensions ['ros']
[0.301s] Level 1:colcon.colcon_core.package_identification:_identify(src/Aruco_Markers/images) by extension 'ros'
[0.301s] Level 1:colcon.colcon_core.package_identification:_identify(src/Aruco_Markers/images) by extensions ['cmake', 'python']
[0.301s] Level 1:colcon.colcon_core.package_identification:_identify(src/Aruco_Markers/images) by extension 'cmake'
[0.301s] Level 1:colcon.colcon_core.package_identification:_identify(src/Aruco_Markers/images) by extension 'python'
[0.301s] Level 1:colcon.colcon_core.package_identification:_identify(src/Aruco_Markers/images) by extensions ['python_setup_py']
[0.301s] Level 1:colcon.colcon_core.package_identification:_identify(src/Aruco_Markers/images) by extension 'python_setup_py'
[0.301s] Level 1:colcon.colcon_core.package_identification:_identify(src/cpp_cobot_planning) by extensions ['ignore', 'ignore_ament_install']
[0.301s] Level 1:colcon.colcon_core.package_identification:_identify(src/cpp_cobot_planning) by extension 'ignore'
[0.301s] Level 1:colcon.colcon_core.package_identification:_identify(src/cpp_cobot_planning) by extension 'ignore_ament_install'
[0.301s] Level 1:colcon.colcon_core.package_identification:_identify(src/cpp_cobot_planning) by extensions ['colcon_pkg']
[0.301s] Level 1:colcon.colcon_core.package_identification:_identify(src/cpp_cobot_planning) by extension 'colcon_pkg'
[0.301s] Level 1:colcon.colcon_core.package_identification:_identify(src/cpp_cobot_planning) by extensions ['colcon_meta']
[0.301s] Level 1:colcon.colcon_core.package_identification:_identify(src/cpp_cobot_planning) by extension 'colcon_meta'
[0.301s] Level 1:colcon.colcon_core.package_identification:_identify(src/cpp_cobot_planning) by extensions ['ros']
[0.301s] Level 1:colcon.colcon_core.package_identification:_identify(src/cpp_cobot_planning) by extension 'ros'
[0.304s] DEBUG:colcon.colcon_core.package_identification:Package 'src/cpp_cobot_planning' with type 'ros.ament_cmake' and name 'cpp_cobot_planning'
[0.304s] Level 1:colcon.colcon_core.package_identification:_identify(src/maze_solver) by extensions ['ignore', 'ignore_ament_install']
[0.304s] Level 1:colcon.colcon_core.package_identification:_identify(src/maze_solver) by extension 'ignore'
[0.304s] Level 1:colcon.colcon_core.package_identification:_identify(src/maze_solver) by extension 'ignore_ament_install'
[0.304s] Level 1:colcon.colcon_core.package_identification:_identify(src/maze_solver) by extensions ['colcon_pkg']
[0.304s] Level 1:colcon.colcon_core.package_identification:_identify(src/maze_solver) by extension 'colcon_pkg'
[0.304s] Level 1:colcon.colcon_core.package_identification:_identify(src/maze_solver) by extensions ['colcon_meta']
[0.304s] Level 1:colcon.colcon_core.package_identification:_identify(src/maze_solver) by extension 'colcon_meta'
[0.304s] Level 1:colcon.colcon_core.package_identification:_identify(src/maze_solver) by extensions ['ros']
[0.304s] Level 1:colcon.colcon_core.package_identification:_identify(src/maze_solver) by extension 'ros'
[0.304s] Level 1:colcon.colcon_core.package_identification:_identify(src/maze_solver) by extensions ['cmake', 'python']
[0.304s] Level 1:colcon.colcon_core.package_identification:_identify(src/maze_solver) by extension 'cmake'
[0.304s] Level 1:colcon.colcon_core.package_identification:_identify(src/maze_solver) by extension 'python'
[0.304s] Level 1:colcon.colcon_core.package_identification:_identify(src/maze_solver) by extensions ['python_setup_py']
[0.304s] Level 1:colcon.colcon_core.package_identification:_identify(src/maze_solver) by extension 'python_setup_py'
[0.305s] Level 1:colcon.colcon_core.package_identification:_identify(src/maze_solver/maze_solution) by extensions ['ignore', 'ignore_ament_install']
[0.305s] Level 1:colcon.colcon_core.package_identification:_identify(src/maze_solver/maze_solution) by extension 'ignore'
[0.305s] Level 1:colcon.colcon_core.package_identification:_identify(src/maze_solver/maze_solution) by extension 'ignore_ament_install'
[0.305s] Level 1:colcon.colcon_core.package_identification:_identify(src/maze_solver/maze_solution) by extensions ['colcon_pkg']
[0.305s] Level 1:colcon.colcon_core.package_identification:_identify(src/maze_solver/maze_solution) by extension 'colcon_pkg'
[0.305s] Level 1:colcon.colcon_core.package_identification:_identify(src/maze_solver/maze_solution) by extensions ['colcon_meta']
[0.305s] Level 1:colcon.colcon_core.package_identification:_identify(src/maze_solver/maze_solution) by extension 'colcon_meta'
[0.305s] Level 1:colcon.colcon_core.package_identification:_identify(src/maze_solver/maze_solution) by extensions ['ros']
[0.305s] Level 1:colcon.colcon_core.package_identification:_identify(src/maze_solver/maze_solution) by extension 'ros'
[0.305s] Level 1:colcon.colcon_core.package_identification:_identify(src/maze_solver/maze_solution) by extensions ['cmake', 'python']
[0.305s] Level 1:colcon.colcon_core.package_identification:_identify(src/maze_solver/maze_solution) by extension 'cmake'
[0.305s] Level 1:colcon.colcon_core.package_identification:_identify(src/maze_solver/maze_solution) by extension 'python'
[0.305s] Level 1:colcon.colcon_core.package_identification:_identify(src/maze_solver/maze_solution) by extensions ['python_setup_py']
[0.305s] Level 1:colcon.colcon_core.package_identification:_identify(src/maze_solver/maze_solution) by extension 'python_setup_py'
[0.305s] Level 1:colcon.colcon_core.package_identification:_identify(src/maze_solver/maze_solution/datasets) by extensions ['ignore', 'ignore_ament_install']
[0.305s] Level 1:colcon.colcon_core.package_identification:_identify(src/maze_solver/maze_solution/datasets) by extension 'ignore'
[0.305s] Level 1:colcon.colcon_core.package_identification:_identify(src/maze_solver/maze_solution/datasets) by extension 'ignore_ament_install'
[0.305s] Level 1:colcon.colcon_core.package_identification:_identify(src/maze_solver/maze_solution/datasets) by extensions ['colcon_pkg']
[0.305s] Level 1:colcon.colcon_core.package_identification:_identify(src/maze_solver/maze_solution/datasets) by extension 'colcon_pkg'
[0.305s] Level 1:colcon.colcon_core.package_identification:_identify(src/maze_solver/maze_solution/datasets) by extensions ['colcon_meta']
[0.305s] Level 1:colcon.colcon_core.package_identification:_identify(src/maze_solver/maze_solution/datasets) by extension 'colcon_meta'
[0.305s] Level 1:colcon.colcon_core.package_identification:_identify(src/maze_solver/maze_solution/datasets) by extensions ['ros']
[0.305s] Level 1:colcon.colcon_core.package_identification:_identify(src/maze_solver/maze_solution/datasets) by extension 'ros'
[0.305s] Level 1:colcon.colcon_core.package_identification:_identify(src/maze_solver/maze_solution/datasets) by extensions ['cmake', 'python']
[0.306s] Level 1:colcon.colcon_core.package_identification:_identify(src/maze_solver/maze_solution/datasets) by extension 'cmake'
[0.306s] Level 1:colcon.colcon_core.package_identification:_identify(src/maze_solver/maze_solution/datasets) by extension 'python'
[0.306s] Level 1:colcon.colcon_core.package_identification:_identify(src/maze_solver/maze_solution/datasets) by extensions ['python_setup_py']
[0.306s] Level 1:colcon.colcon_core.package_identification:_identify(src/maze_solver/maze_solution/datasets) by extension 'python_setup_py'
[0.306s] Level 1:colcon.colcon_core.package_identification:_identify(src/mycobot_pro_600) by extensions ['ignore', 'ignore_ament_install']
[0.306s] Level 1:colcon.colcon_core.package_identification:_identify(src/mycobot_pro_600) by extension 'ignore'
[0.306s] Level 1:colcon.colcon_core.package_identification:_identify(src/mycobot_pro_600) by extension 'ignore_ament_install'
[0.306s] Level 1:colcon.colcon_core.package_identification:_identify(src/mycobot_pro_600) by extensions ['colcon_pkg']
[0.306s] Level 1:colcon.colcon_core.package_identification:_identify(src/mycobot_pro_600) by extension 'colcon_pkg'
[0.306s] Level 1:colcon.colcon_core.package_identification:_identify(src/mycobot_pro_600) by extensions ['colcon_meta']
[0.306s] Level 1:colcon.colcon_core.package_identification:_identify(src/mycobot_pro_600) by extension 'colcon_meta'
[0.306s] Level 1:colcon.colcon_core.package_identification:_identify(src/mycobot_pro_600) by extensions ['ros']
[0.306s] Level 1:colcon.colcon_core.package_identification:_identify(src/mycobot_pro_600) by extension 'ros'
[0.306s] DEBUG:colcon.colcon_core.package_identification:Package 'src/mycobot_pro_600' with type 'ros.ament_cmake' and name 'mycobot_pro_600'
[0.307s] Level 1:colcon.colcon_core.package_identification:_identify(src/mycobot_pro_600_moveit_config) by extensions ['ignore', 'ignore_ament_install']
[0.307s] Level 1:colcon.colcon_core.package_identification:_identify(src/mycobot_pro_600_moveit_config) by extension 'ignore'
[0.307s] Level 1:colcon.colcon_core.package_identification:_identify(src/mycobot_pro_600_moveit_config) by extension 'ignore_ament_install'
[0.307s] Level 1:colcon.colcon_core.package_identification:_identify(src/mycobot_pro_600_moveit_config) by extensions ['colcon_pkg']
[0.307s] Level 1:colcon.colcon_core.package_identification:_identify(src/mycobot_pro_600_moveit_config) by extension 'colcon_pkg'
[0.307s] Level 1:colcon.colcon_core.package_identification:_identify(src/mycobot_pro_600_moveit_config) by extensions ['colcon_meta']
[0.307s] Level 1:colcon.colcon_core.package_identification:_identify(src/mycobot_pro_600_moveit_config) by extension 'colcon_meta'
[0.307s] Level 1:colcon.colcon_core.package_identification:_identify(src/mycobot_pro_600_moveit_config) by extensions ['ros']
[0.307s] Level 1:colcon.colcon_core.package_identification:_identify(src/mycobot_pro_600_moveit_config) by extension 'ros'
[0.308s] DEBUG:colcon.colcon_core.package_identification:Package 'src/mycobot_pro_600_moveit_config' with type 'ros.ament_cmake' and name 'mycobot_pro_600_moveit_config'
[0.308s] Level 1:colcon.colcon_core.package_discovery:discover_packages(recursive) using defaults
[0.308s] Level 1:colcon.colcon_core.package_discovery:discover_packages(ignore) discover
[0.308s] Level 1:colcon.colcon_core.package_discovery:discover_packages(ignore) using defaults
[0.308s] Level 1:colcon.colcon_core.package_discovery:discover_packages(path) discover
[0.308s] Level 1:colcon.colcon_core.package_discovery:discover_packages(path) using defaults
[0.339s] Level 1:colcon.colcon_core.package_discovery:discover_packages(prefix_path) check parameters
[0.339s] Level 1:colcon.colcon_core.package_discovery:discover_packages(prefix_path) discover
[0.344s] DEBUG:colcon.colcon_installed_package_information.package_discovery:Found 55 installed packages in /home/sanjay/ws_moveit2/install
[0.345s] DEBUG:colcon.colcon_installed_package_information.package_discovery:Found 327 installed packages in /opt/ros/humble
[0.347s] Level 1:colcon.colcon_core.package_discovery:discover_packages(prefix_path) using defaults
[0.390s] Level 5:colcon.colcon_core.verb:set package 'cpp_cobot_planning' build argument 'cmake_args' from command line to 'None'
[0.390s] Level 5:colcon.colcon_core.verb:set package 'cpp_cobot_planning' build argument 'cmake_target' from command line to 'None'
[0.390s] Level 5:colcon.colcon_core.verb:set package 'cpp_cobot_planning' build argument 'cmake_target_skip_unavailable' from command line to 'False'
[0.390s] Level 5:colcon.colcon_core.verb:set package 'cpp_cobot_planning' build argument 'cmake_clean_cache' from command line to 'False'
[0.390s] Level 5:colcon.colcon_core.verb:set package 'cpp_cobot_planning' build argument 'cmake_clean_first' from command line to 'False'
[0.390s] Level 5:colcon.colcon_core.verb:set package 'cpp_cobot_planning' build argument 'cmake_force_configure' from command line to 'False'
[0.390s] Level 5:colcon.colcon_core.verb:set package 'cpp_cobot_planning' build argument 'ament_cmake_args' from command line to 'None'
[0.390s] Level 5:colcon.colcon_core.verb:set package 'cpp_cobot_planning' build argument 'catkin_cmake_args' from command line to 'None'
[0.390s] Level 5:colcon.colcon_core.verb:set package 'cpp_cobot_planning' build argument 'catkin_skip_building_tests' from command line to 'False'
[0.391s] DEBUG:colcon.colcon_core.verb:Building package 'cpp_cobot_planning' with the following arguments: {'ament_cmake_args': None, 'build_base': '/home/sanjay/Desktop/cobot600/build/cpp_cobot_planning', 'catkin_cmake_args': None, 'catkin_skip_building_tests': False, 'cmake_args': None, 'cmake_clean_cache': False, 'cmake_clean_first': False, 'cmake_force_configure': False, 'cmake_target': None, 'cmake_target_skip_unavailable': False, 'install_base': '/home/sanjay/Desktop/cobot600/install/cpp_cobot_planning', 'merge_install': False, 'path': '/home/sanjay/Desktop/cobot600/src/cpp_cobot_planning', 'symlink_install': False, 'test_result_base': None}
[0.391s] Level 5:colcon.colcon_core.verb:set package 'mycobot_pro_600' build argument 'cmake_args' from command line to 'None'
[0.391s] Level 5:colcon.colcon_core.verb:set package 'mycobot_pro_600' build argument 'cmake_target' from command line to 'None'
[0.391s] Level 5:colcon.colcon_core.verb:set package 'mycobot_pro_600' build argument 'cmake_target_skip_unavailable' from command line to 'False'
[0.391s] Level 5:colcon.colcon_core.verb:set package 'mycobot_pro_600' build argument 'cmake_clean_cache' from command line to 'False'
[0.391s] Level 5:colcon.colcon_core.verb:set package 'mycobot_pro_600' build argument 'cmake_clean_first' from command line to 'False'
[0.391s] Level 5:colcon.colcon_core.verb:set package 'mycobot_pro_600' build argument 'cmake_force_configure' from command line to 'False'
[0.391s] Level 5:colcon.colcon_core.verb:set package 'mycobot_pro_600' build argument 'ament_cmake_args' from command line to 'None'
[0.391s] Level 5:colcon.colcon_core.verb:set package 'mycobot_pro_600' build argument 'catkin_cmake_args' from command line to 'None'
[0.391s] Level 5:colcon.colcon_core.verb:set package 'mycobot_pro_600' build argument 'catkin_skip_building_tests' from command line to 'False'
[0.391s] DEBUG:colcon.colcon_core.verb:Building package 'mycobot_pro_600' with the following arguments: {'ament_cmake_args': None, 'build_base': '/home/sanjay/Desktop/cobot600/build/mycobot_pro_600', 'catkin_cmake_args': None, 'catkin_skip_building_tests': False, 'cmake_args': None, 'cmake_clean_cache': False, 'cmake_clean_first': False, 'cmake_force_configure': False, 'cmake_target': None, 'cmake_target_skip_unavailable': False, 'install_base': '/home/sanjay/Desktop/cobot600/install/mycobot_pro_600', 'merge_install': False, 'path': '/home/sanjay/Desktop/cobot600/src/mycobot_pro_600', 'symlink_install': False, 'test_result_base': None}
[0.391s] Level 5:colcon.colcon_core.verb:set package 'mycobot_pro_600_moveit_config' build argument 'cmake_args' from command line to 'None'
[0.391s] Level 5:colcon.colcon_core.verb:set package 'mycobot_pro_600_moveit_config' build argument 'cmake_target' from command line to 'None'
[0.391s] Level 5:colcon.colcon_core.verb:set package 'mycobot_pro_600_moveit_config' build argument 'cmake_target_skip_unavailable' from command line to 'False'
[0.391s] Level 5:colcon.colcon_core.verb:set package 'mycobot_pro_600_moveit_config' build argument 'cmake_clean_cache' from command line to 'False'
[0.391s] Level 5:colcon.colcon_core.verb:set package 'mycobot_pro_600_moveit_config' build argument 'cmake_clean_first' from command line to 'False'
[0.391s] Level 5:colcon.colcon_core.verb:set package 'mycobot_pro_600_moveit_config' build argument 'cmake_force_configure' from command line to 'False'
[0.391s] Level 5:colcon.colcon_core.verb:set package 'mycobot_pro_600_moveit_config' build argument 'ament_cmake_args' from command line to 'None'
[0.392s] Level 5:colcon.colcon_core.verb:set package 'mycobot_pro_600_moveit_config' build argument 'catkin_cmake_args' from command line to 'None'
[0.392s] Level 5:colcon.colcon_core.verb:set package 'mycobot_pro_600_moveit_config' build argument 'catkin_skip_building_tests' from command line to 'False'
[0.392s] DEBUG:colcon.colcon_core.verb:Building package 'mycobot_pro_600_moveit_config' with the following arguments: {'ament_cmake_args': None, 'build_base': '/home/sanjay/Desktop/cobot600/build/mycobot_pro_600_moveit_config', 'catkin_cmake_args': None, 'catkin_skip_building_tests': False, 'cmake_args': None, 'cmake_clean_cache': False, 'cmake_clean_first': False, 'cmake_force_configure': False, 'cmake_target': None, 'cmake_target_skip_unavailable': False, 'install_base': '/home/sanjay/Desktop/cobot600/install/mycobot_pro_600_moveit_config', 'merge_install': False, 'path': '/home/sanjay/Desktop/cobot600/src/mycobot_pro_600_moveit_config', 'symlink_install': False, 'test_result_base': None}
[0.392s] INFO:colcon.colcon_core.executor:Executing jobs using 'parallel' executor
[0.393s] DEBUG:colcon.colcon_parallel_executor.executor.parallel:run_until_complete
[0.393s] INFO:colcon.colcon_ros.task.ament_cmake.build:Building ROS package in '/home/sanjay/Desktop/cobot600/src/mycobot_pro_600' with build type 'ament_cmake'
[0.393s] INFO:colcon.colcon_cmake.task.cmake.build:Building CMake package in '/home/sanjay/Desktop/cobot600/src/mycobot_pro_600'
[0.396s] INFO:colcon.colcon_core.plugin_system:Skipping extension 'colcon_core.shell.bat': Not used on non-Windows systems
[0.396s] INFO:colcon.colcon_core.shell:Skip shell extension 'powershell' for command environment: Not usable outside of PowerShell
[0.396s] DEBUG:colcon.colcon_core.shell:Skip shell extension 'dsv' for command environment
[0.403s] INFO:colcon.colcon_ros.task.ament_cmake.build:Building ROS package in '/home/sanjay/Desktop/cobot600/src/cpp_cobot_planning' with build type 'ament_cmake'
[0.404s] INFO:colcon.colcon_cmake.task.cmake.build:Building CMake package in '/home/sanjay/Desktop/cobot600/src/cpp_cobot_planning'
[0.404s] INFO:colcon.colcon_core.shell:Skip shell extension 'powershell' for command environment: Not usable outside of PowerShell
[0.404s] DEBUG:colcon.colcon_core.shell:Skip shell extension 'dsv' for command environment
[0.416s] DEBUG:colcon.colcon_core.event_handler.log_command:Invoking command in '/home/sanjay/Desktop/cobot600/build/mycobot_pro_600': CMAKE_PREFIX_PATH=${CMAKE_PREFIX_PATH}:/home/sanjay/ws_moveit2/install/moveit_configs_utils:/home/sanjay/ws_moveit2/install/launch_param_builder:/opt/ros/humble /usr/bin/cmake /home/sanjay/Desktop/cobot600/src/mycobot_pro_600 -DCMAKE_INSTALL_PREFIX=/home/sanjay/Desktop/cobot600/install/mycobot_pro_600
[0.421s] DEBUG:colcon.colcon_core.event_handler.log_command:Invoking command in '/home/sanjay/Desktop/cobot600/build/cpp_cobot_planning': CMAKE_PREFIX_PATH=${CMAKE_PREFIX_PATH}:/home/sanjay/ws_moveit2/install/moveit_configs_utils:/home/sanjay/ws_moveit2/install/launch_param_builder:/opt/ros/humble /usr/bin/cmake /home/sanjay/Desktop/cobot600/src/cpp_cobot_planning -DCMAKE_INSTALL_PREFIX=/home/sanjay/Desktop/cobot600/install/cpp_cobot_planning
[1.304s] DEBUG:colcon.colcon_core.event_handler.log_command:Invoked command in '/home/sanjay/Desktop/cobot600/build/mycobot_pro_600' returned '0': CMAKE_PREFIX_PATH=${CMAKE_PREFIX_PATH}:/home/sanjay/ws_moveit2/install/moveit_configs_utils:/home/sanjay/ws_moveit2/install/launch_param_builder:/opt/ros/humble /usr/bin/cmake /home/sanjay/Desktop/cobot600/src/mycobot_pro_600 -DCMAKE_INSTALL_PREFIX=/home/sanjay/Desktop/cobot600/install/mycobot_pro_600
[1.305s] DEBUG:colcon.colcon_core.event_handler.log_command:Invoking command in '/home/sanjay/Desktop/cobot600/build/mycobot_pro_600': CMAKE_PREFIX_PATH=${CMAKE_PREFIX_PATH}:/home/sanjay/ws_moveit2/install/moveit_configs_utils:/home/sanjay/ws_moveit2/install/launch_param_builder:/opt/ros/humble /usr/bin/cmake --build /home/sanjay/Desktop/cobot600/build/mycobot_pro_600 -- -j22 -l22
[1.364s] DEBUG:colcon.colcon_core.event_handler.log_command:Invoked command in '/home/sanjay/Desktop/cobot600/build/mycobot_pro_600' returned '0': CMAKE_PREFIX_PATH=${CMAKE_PREFIX_PATH}:/home/sanjay/ws_moveit2/install/moveit_configs_utils:/home/sanjay/ws_moveit2/install/launch_param_builder:/opt/ros/humble /usr/bin/cmake --build /home/sanjay/Desktop/cobot600/build/mycobot_pro_600 -- -j22 -l22
[1.375s] DEBUG:colcon.colcon_core.event_handler.log_command:Invoking command in '/home/sanjay/Desktop/cobot600/build/mycobot_pro_600': CMAKE_PREFIX_PATH=${CMAKE_PREFIX_PATH}:/home/sanjay/ws_moveit2/install/moveit_configs_utils:/home/sanjay/ws_moveit2/install/launch_param_builder:/opt/ros/humble /usr/bin/cmake --install /home/sanjay/Desktop/cobot600/build/mycobot_pro_600
[1.424s] Level 1:colcon.colcon_core.environment:create_environment_scripts_only(mycobot_pro_600)
[1.425s] DEBUG:colcon.colcon_core.event_handler.log_command:Invoked command in '/home/sanjay/Desktop/cobot600/build/mycobot_pro_600' returned '0': CMAKE_PREFIX_PATH=${CMAKE_PREFIX_PATH}:/home/sanjay/ws_moveit2/install/moveit_configs_utils:/home/sanjay/ws_moveit2/install/launch_param_builder:/opt/ros/humble /usr/bin/cmake --install /home/sanjay/Desktop/cobot600/build/mycobot_pro_600
[1.428s] Level 1:colcon.colcon_core.environment:checking '/home/sanjay/Desktop/cobot600/install/mycobot_pro_600' for CMake module files
[1.428s] Level 1:colcon.colcon_core.environment:checking '/home/sanjay/Desktop/cobot600/install/mycobot_pro_600' for CMake config files
[1.428s] Level 1:colcon.colcon_core.shell:create_environment_hook('mycobot_pro_600', 'cmake_prefix_path')
[1.429s] INFO:colcon.colcon_core.shell:Creating environment hook '/home/sanjay/Desktop/cobot600/install/mycobot_pro_600/share/mycobot_pro_600/hook/cmake_prefix_path.ps1'
[1.429s] INFO:colcon.colcon_core.shell:Creating environment descriptor '/home/sanjay/Desktop/cobot600/install/mycobot_pro_600/share/mycobot_pro_600/hook/cmake_prefix_path.dsv'
[1.430s] INFO:colcon.colcon_core.shell:Creating environment hook '/home/sanjay/Desktop/cobot600/install/mycobot_pro_600/share/mycobot_pro_600/hook/cmake_prefix_path.sh'
[1.431s] Level 1:colcon.colcon_core.environment:checking '/home/sanjay/Desktop/cobot600/install/mycobot_pro_600/bin'
[1.431s] Level 1:colcon.colcon_core.environment:checking '/home/sanjay/Desktop/cobot600/install/mycobot_pro_600/lib/pkgconfig/mycobot_pro_600.pc'
[1.431s] Level 1:colcon.colcon_core.environment:checking '/home/sanjay/Desktop/cobot600/install/mycobot_pro_600/lib/python3.10/site-packages'
[1.431s] Level 1:colcon.colcon_core.environment:checking '/home/sanjay/Desktop/cobot600/install/mycobot_pro_600/bin'
[1.431s] INFO:colcon.colcon_core.shell:Creating package script '/home/sanjay/Desktop/cobot600/install/mycobot_pro_600/share/mycobot_pro_600/package.ps1'
[1.432s] INFO:colcon.colcon_core.shell:Creating package descriptor '/home/sanjay/Desktop/cobot600/install/mycobot_pro_600/share/mycobot_pro_600/package.dsv'
[1.433s] INFO:colcon.colcon_core.shell:Creating package script '/home/sanjay/Desktop/cobot600/install/mycobot_pro_600/share/mycobot_pro_600/package.sh'
[1.433s] INFO:colcon.colcon_core.shell:Creating package script '/home/sanjay/Desktop/cobot600/install/mycobot_pro_600/share/mycobot_pro_600/package.bash'
[1.434s] INFO:colcon.colcon_core.shell:Creating package script '/home/sanjay/Desktop/cobot600/install/mycobot_pro_600/share/mycobot_pro_600/package.zsh'
[1.434s] Level 1:colcon.colcon_core.environment:create_file_with_runtime_dependencies(/home/sanjay/Desktop/cobot600/install/mycobot_pro_600/share/colcon-core/packages/mycobot_pro_600)
[1.435s] Level 1:colcon.colcon_core.environment:create_environment_scripts_only(mycobot_pro_600)
[1.435s] Level 1:colcon.colcon_core.environment:checking '/home/sanjay/Desktop/cobot600/install/mycobot_pro_600' for CMake module files
[1.436s] Level 1:colcon.colcon_core.environment:checking '/home/sanjay/Desktop/cobot600/install/mycobot_pro_600' for CMake config files
[1.436s] Level 1:colcon.colcon_core.shell:create_environment_hook('mycobot_pro_600', 'cmake_prefix_path')
[1.436s] INFO:colcon.colcon_core.shell:Creating environment hook '/home/sanjay/Desktop/cobot600/install/mycobot_pro_600/share/mycobot_pro_600/hook/cmake_prefix_path.ps1'
[1.436s] INFO:colcon.colcon_core.shell:Creating environment descriptor '/home/sanjay/Desktop/cobot600/install/mycobot_pro_600/share/mycobot_pro_600/hook/cmake_prefix_path.dsv'
[1.437s] INFO:colcon.colcon_core.shell:Creating environment hook '/home/sanjay/Desktop/cobot600/install/mycobot_pro_600/share/mycobot_pro_600/hook/cmake_prefix_path.sh'
[1.437s] Level 1:colcon.colcon_core.environment:checking '/home/sanjay/Desktop/cobot600/install/mycobot_pro_600/bin'
[1.437s] Level 1:colcon.colcon_core.environment:checking '/home/sanjay/Desktop/cobot600/install/mycobot_pro_600/lib/pkgconfig/mycobot_pro_600.pc'
[1.437s] Level 1:colcon.colcon_core.environment:checking '/home/sanjay/Desktop/cobot600/install/mycobot_pro_600/lib/python3.10/site-packages'
[1.438s] Level 1:colcon.colcon_core.environment:checking '/home/sanjay/Desktop/cobot600/install/mycobot_pro_600/bin'
[1.438s] INFO:colcon.colcon_core.shell:Creating package script '/home/sanjay/Desktop/cobot600/install/mycobot_pro_600/share/mycobot_pro_600/package.ps1'
[1.438s] INFO:colcon.colcon_core.shell:Creating package descriptor '/home/sanjay/Desktop/cobot600/install/mycobot_pro_600/share/mycobot_pro_600/package.dsv'
[1.439s] INFO:colcon.colcon_core.shell:Creating package script '/home/sanjay/Desktop/cobot600/install/mycobot_pro_600/share/mycobot_pro_600/package.sh'
[1.439s] INFO:colcon.colcon_core.shell:Creating package script '/home/sanjay/Desktop/cobot600/install/mycobot_pro_600/share/mycobot_pro_600/package.bash'
[1.439s] INFO:colcon.colcon_core.shell:Creating package script '/home/sanjay/Desktop/cobot600/install/mycobot_pro_600/share/mycobot_pro_600/package.zsh'
[1.440s] Level 1:colcon.colcon_core.environment:create_file_with_runtime_dependencies(/home/sanjay/Desktop/cobot600/install/mycobot_pro_600/share/colcon-core/packages/mycobot_pro_600)
[1.440s] INFO:colcon.colcon_ros.task.ament_cmake.build:Building ROS package in '/home/sanjay/Desktop/cobot600/src/mycobot_pro_600_moveit_config' with build type 'ament_cmake'
[1.440s] INFO:colcon.colcon_cmake.task.cmake.build:Building CMake package in '/home/sanjay/Desktop/cobot600/src/mycobot_pro_600_moveit_config'
[1.440s] INFO:colcon.colcon_core.shell:Skip shell extension 'powershell' for command environment: Not usable outside of PowerShell
[1.440s] DEBUG:colcon.colcon_core.shell:Skip shell extension 'dsv' for command environment
[1.456s] DEBUG:colcon.colcon_core.event_handler.log_command:Invoking command in '/home/sanjay/Desktop/cobot600/build/mycobot_pro_600_moveit_config': AMENT_PREFIX_PATH=/home/sanjay/Desktop/cobot600/install/mycobot_pro_600:${AMENT_PREFIX_PATH} CMAKE_PREFIX_PATH=/home/sanjay/Desktop/cobot600/install/mycobot_pro_600:/home/sanjay/ws_moveit2/install/pilz_industrial_motion_planner_testutils:/home/sanjay/ws_moveit2/install/moveit_runtime:/home/sanjay/ws_moveit2/install/moveit2_tutorials:/home/sanjay/ws_moveit2/install/moveit:/home/sanjay/ws_moveit2/install/moveit_planners:/home/sanjay/ws_moveit2/install/pilz_industrial_motion_planner:/home/sanjay/ws_moveit2/install/moveit_visual_tools:/home/sanjay/ws_moveit2/install/moveit_task_constructor_visualization:/home/sanjay/ws_moveit2/install/moveit_task_constructor_demo:/home/sanjay/ws_moveit2/install/moveit_task_constructor_capabilities:/home/sanjay/ws_moveit2/install/moveit_task_constructor_core:/home/sanjay/ws_moveit2/install/moveit_ros_control_interface:/home/sanjay/ws_moveit2/install/moveit_plugins:/home/sanjay/ws_moveit2/install/moveit_simple_controller_manager:/home/sanjay/ws_moveit2/install/moveit_setup_assistant:/home/sanjay/ws_moveit2/install/moveit_setup_srdf_plugins:/home/sanjay/ws_moveit2/install/moveit_setup_core_plugins:/home/sanjay/ws_moveit2/install/moveit_setup_controllers:/home/sanjay/ws_moveit2/install/moveit_setup_app_plugins:/home/sanjay/ws_moveit2/install/moveit_setup_framework:/home/sanjay/ws_moveit2/install/moveit_servo:/home/sanjay/ws_moveit2/install/moveit_ros:/home/sanjay/ws_moveit2/install/moveit_ros_visualization:/home/sanjay/ws_moveit2/install/moveit_hybrid_planning:/home/sanjay/ws_moveit2/install/moveit_ros_planning_interface:/home/sanjay/ws_moveit2/install/moveit_ros_benchmarks:/home/sanjay/ws_moveit2/install/moveit_ros_warehouse:/home/sanjay/ws_moveit2/install/moveit_ros_robot_interaction:/home/sanjay/ws_moveit2/install/moveit_ros_perception:/home/sanjay/ws_moveit2/install/moveit_resources_prbt_pg70_support:/home/sanjay/ws_moveit2/install/moveit_resources_prbt_moveit_config:/home/sanjay/ws_moveit2/install/moveit_ros_move_group:/home/sanjay/ws_moveit2/install/moveit_planners_ompl:/home/sanjay/ws_moveit2/install/moveit_ros_planning:/home/sanjay/ws_moveit2/install/moveit_ros_occupancy_map_monitor:/home/sanjay/ws_moveit2/install/moveit_resources_prbt_ikfast_manipulator_plugin:/home/sanjay/ws_moveit2/install/moveit_planners_chomp:/home/sanjay/ws_moveit2/install/moveit_kinematics:/home/sanjay/ws_moveit2/install/moveit_chomp_optimizer_adapter:/home/sanjay/ws_moveit2/install/chomp_motion_planner:/home/sanjay/ws_moveit2/install/moveit_core:/home/sanjay/ws_moveit2/install/srdfdom:/home/sanjay/ws_moveit2/install/rviz_marker_tools:/home/sanjay/ws_moveit2/install/rosparam_shortcuts:/home/sanjay/ws_moveit2/install/moveit_task_constructor_msgs:/home/sanjay/ws_moveit2/install/moveit_resources_prbt_support:/home/sanjay/ws_moveit2/install/moveit_resources:/home/sanjay/ws_moveit2/install/moveit_resources_pr2_description:/home/sanjay/ws_moveit2/install/moveit_resources_panda_moveit_config:/home/sanjay/ws_moveit2/install/moveit_resources_panda_description:/home/sanjay/ws_moveit2/install/moveit_resources_fanuc_moveit_config:/home/sanjay/ws_moveit2/install/moveit_resources_fanuc_description:/home/sanjay/ws_moveit2/install/moveit_common:/home/sanjay/ws_moveit2/install/moveit_configs_utils:/home/sanjay/ws_moveit2/install/launch_param_builder:/opt/ros/humble /usr/bin/cmake /home/sanjay/Desktop/cobot600/src/mycobot_pro_600_moveit_config -DCMAKE_INSTALL_PREFIX=/home/sanjay/Desktop/cobot600/install/mycobot_pro_600_moveit_config
[2.267s] DEBUG:colcon.colcon_core.event_handler.log_command:Invoked command in '/home/sanjay/Desktop/cobot600/build/mycobot_pro_600_moveit_config' returned '0': AMENT_PREFIX_PATH=/home/sanjay/Desktop/cobot600/install/mycobot_pro_600:${AMENT_PREFIX_PATH} CMAKE_PREFIX_PATH=/home/sanjay/Desktop/cobot600/install/mycobot_pro_600:/home/sanjay/ws_moveit2/install/pilz_industrial_motion_planner_testutils:/home/sanjay/ws_moveit2/install/moveit_runtime:/home/sanjay/ws_moveit2/install/moveit2_tutorials:/home/sanjay/ws_moveit2/install/moveit:/home/sanjay/ws_moveit2/install/moveit_planners:/home/sanjay/ws_moveit2/install/pilz_industrial_motion_planner:/home/sanjay/ws_moveit2/install/moveit_visual_tools:/home/sanjay/ws_moveit2/install/moveit_task_constructor_visualization:/home/sanjay/ws_moveit2/install/moveit_task_constructor_demo:/home/sanjay/ws_moveit2/install/moveit_task_constructor_capabilities:/home/sanjay/ws_moveit2/install/moveit_task_constructor_core:/home/sanjay/ws_moveit2/install/moveit_ros_control_interface:/home/sanjay/ws_moveit2/install/moveit_plugins:/home/sanjay/ws_moveit2/install/moveit_simple_controller_manager:/home/sanjay/ws_moveit2/install/moveit_setup_assistant:/home/sanjay/ws_moveit2/install/moveit_setup_srdf_plugins:/home/sanjay/ws_moveit2/install/moveit_setup_core_plugins:/home/sanjay/ws_moveit2/install/moveit_setup_controllers:/home/sanjay/ws_moveit2/install/moveit_setup_app_plugins:/home/sanjay/ws_moveit2/install/moveit_setup_framework:/home/sanjay/ws_moveit2/install/moveit_servo:/home/sanjay/ws_moveit2/install/moveit_ros:/home/sanjay/ws_moveit2/install/moveit_ros_visualization:/home/sanjay/ws_moveit2/install/moveit_hybrid_planning:/home/sanjay/ws_moveit2/install/moveit_ros_planning_interface:/home/sanjay/ws_moveit2/install/moveit_ros_benchmarks:/home/sanjay/ws_moveit2/install/moveit_ros_warehouse:/home/sanjay/ws_moveit2/install/moveit_ros_robot_interaction:/home/sanjay/ws_moveit2/install/moveit_ros_perception:/home/sanjay/ws_moveit2/install/moveit_resources_prbt_pg70_support:/home/sanjay/ws_moveit2/install/moveit_resources_prbt_moveit_config:/home/sanjay/ws_moveit2/install/moveit_ros_move_group:/home/sanjay/ws_moveit2/install/moveit_planners_ompl:/home/sanjay/ws_moveit2/install/moveit_ros_planning:/home/sanjay/ws_moveit2/install/moveit_ros_occupancy_map_monitor:/home/sanjay/ws_moveit2/install/moveit_resources_prbt_ikfast_manipulator_plugin:/home/sanjay/ws_moveit2/install/moveit_planners_chomp:/home/sanjay/ws_moveit2/install/moveit_kinematics:/home/sanjay/ws_moveit2/install/moveit_chomp_optimizer_adapter:/home/sanjay/ws_moveit2/install/chomp_motion_planner:/home/sanjay/ws_moveit2/install/moveit_core:/home/sanjay/ws_moveit2/install/srdfdom:/home/sanjay/ws_moveit2/install/rviz_marker_tools:/home/sanjay/ws_moveit2/install/rosparam_shortcuts:/home/sanjay/ws_moveit2/install/moveit_task_constructor_msgs:/home/sanjay/ws_moveit2/install/moveit_resources_prbt_support:/home/sanjay/ws_moveit2/install/moveit_resources:/home/sanjay/ws_moveit2/install/moveit_resources_pr2_description:/home/sanjay/ws_moveit2/install/moveit_resources_panda_moveit_config:/home/sanjay/ws_moveit2/install/moveit_resources_panda_description:/home/sanjay/ws_moveit2/install/moveit_resources_fanuc_moveit_config:/home/sanjay/ws_moveit2/install/moveit_resources_fanuc_description:/home/sanjay/ws_moveit2/install/moveit_common:/home/sanjay/ws_moveit2/install/moveit_configs_utils:/home/sanjay/ws_moveit2/install/launch_param_builder:/opt/ros/humble /usr/bin/cmake /home/sanjay/Desktop/cobot600/src/mycobot_pro_600_moveit_config -DCMAKE_INSTALL_PREFIX=/home/sanjay/Desktop/cobot600/install/mycobot_pro_600_moveit_config
[2.269s] DEBUG:colcon.colcon_core.event_handler.log_command:Invoking command in '/home/sanjay/Desktop/cobot600/build/mycobot_pro_600_moveit_config': AMENT_PREFIX_PATH=/home/sanjay/Desktop/cobot600/install/mycobot_pro_600:${AMENT_PREFIX_PATH} CMAKE_PREFIX_PATH=/home/sanjay/Desktop/cobot600/install/mycobot_pro_600:/home/sanjay/ws_moveit2/install/pilz_industrial_motion_planner_testutils:/home/sanjay/ws_moveit2/install/moveit_runtime:/home/sanjay/ws_moveit2/install/moveit2_tutorials:/home/sanjay/ws_moveit2/install/moveit:/home/sanjay/ws_moveit2/install/moveit_planners:/home/sanjay/ws_moveit2/install/pilz_industrial_motion_planner:/home/sanjay/ws_moveit2/install/moveit_visual_tools:/home/sanjay/ws_moveit2/install/moveit_task_constructor_visualization:/home/sanjay/ws_moveit2/install/moveit_task_constructor_demo:/home/sanjay/ws_moveit2/install/moveit_task_constructor_capabilities:/home/sanjay/ws_moveit2/install/moveit_task_constructor_core:/home/sanjay/ws_moveit2/install/moveit_ros_control_interface:/home/sanjay/ws_moveit2/install/moveit_plugins:/home/sanjay/ws_moveit2/install/moveit_simple_controller_manager:/home/sanjay/ws_moveit2/install/moveit_setup_assistant:/home/sanjay/ws_moveit2/install/moveit_setup_srdf_plugins:/home/sanjay/ws_moveit2/install/moveit_setup_core_plugins:/home/sanjay/ws_moveit2/install/moveit_setup_controllers:/home/sanjay/ws_moveit2/install/moveit_setup_app_plugins:/home/sanjay/ws_moveit2/install/moveit_setup_framework:/home/sanjay/ws_moveit2/install/moveit_servo:/home/sanjay/ws_moveit2/install/moveit_ros:/home/sanjay/ws_moveit2/install/moveit_ros_visualization:/home/sanjay/ws_moveit2/install/moveit_hybrid_planning:/home/sanjay/ws_moveit2/install/moveit_ros_planning_interface:/home/sanjay/ws_moveit2/install/moveit_ros_benchmarks:/home/sanjay/ws_moveit2/install/moveit_ros_warehouse:/home/sanjay/ws_moveit2/install/moveit_ros_robot_interaction:/home/sanjay/ws_moveit2/install/moveit_ros_perception:/home/sanjay/ws_moveit2/install/moveit_resources_prbt_pg70_support:/home/sanjay/ws_moveit2/install/moveit_resources_prbt_moveit_config:/home/sanjay/ws_moveit2/install/moveit_ros_move_group:/home/sanjay/ws_moveit2/install/moveit_planners_ompl:/home/sanjay/ws_moveit2/install/moveit_ros_planning:/home/sanjay/ws_moveit2/install/moveit_ros_occupancy_map_monitor:/home/sanjay/ws_moveit2/install/moveit_resources_prbt_ikfast_manipulator_plugin:/home/sanjay/ws_moveit2/install/moveit_planners_chomp:/home/sanjay/ws_moveit2/install/moveit_kinematics:/home/sanjay/ws_moveit2/install/moveit_chomp_optimizer_adapter:/home/sanjay/ws_moveit2/install/chomp_motion_planner:/home/sanjay/ws_moveit2/install/moveit_core:/home/sanjay/ws_moveit2/install/srdfdom:/home/sanjay/ws_moveit2/install/rviz_marker_tools:/home/sanjay/ws_moveit2/install/rosparam_shortcuts:/home/sanjay/ws_moveit2/install/moveit_task_constructor_msgs:/home/sanjay/ws_moveit2/install/moveit_resources_prbt_support:/home/sanjay/ws_moveit2/install/moveit_resources:/home/sanjay/ws_moveit2/install/moveit_resources_pr2_description:/home/sanjay/ws_moveit2/install/moveit_resources_panda_moveit_config:/home/sanjay/ws_moveit2/install/moveit_resources_panda_description:/home/sanjay/ws_moveit2/install/moveit_resources_fanuc_moveit_config:/home/sanjay/ws_moveit2/install/moveit_resources_fanuc_description:/home/sanjay/ws_moveit2/install/moveit_common:/home/sanjay/ws_moveit2/install/moveit_configs_utils:/home/sanjay/ws_moveit2/install/launch_param_builder:/opt/ros/humble /usr/bin/cmake --build /home/sanjay/Desktop/cobot600/build/mycobot_pro_600_moveit_config -- -j22 -l22
[2.326s] DEBUG:colcon.colcon_core.event_handler.log_command:Invoked command in '/home/sanjay/Desktop/cobot600/build/mycobot_pro_600_moveit_config' returned '0': AMENT_PREFIX_PATH=/home/sanjay/Desktop/cobot600/install/mycobot_pro_600:${AMENT_PREFIX_PATH} CMAKE_PREFIX_PATH=/home/sanjay/Desktop/cobot600/install/mycobot_pro_600:/home/sanjay/ws_moveit2/install/pilz_industrial_motion_planner_testutils:/home/sanjay/ws_moveit2/install/moveit_runtime:/home/sanjay/ws_moveit2/install/moveit2_tutorials:/home/sanjay/ws_moveit2/install/moveit:/home/sanjay/ws_moveit2/install/moveit_planners:/home/sanjay/ws_moveit2/install/pilz_industrial_motion_planner:/home/sanjay/ws_moveit2/install/moveit_visual_tools:/home/sanjay/ws_moveit2/install/moveit_task_constructor_visualization:/home/sanjay/ws_moveit2/install/moveit_task_constructor_demo:/home/sanjay/ws_moveit2/install/moveit_task_constructor_capabilities:/home/sanjay/ws_moveit2/install/moveit_task_constructor_core:/home/sanjay/ws_moveit2/install/moveit_ros_control_interface:/home/sanjay/ws_moveit2/install/moveit_plugins:/home/sanjay/ws_moveit2/install/moveit_simple_controller_manager:/home/sanjay/ws_moveit2/install/moveit_setup_assistant:/home/sanjay/ws_moveit2/install/moveit_setup_srdf_plugins:/home/sanjay/ws_moveit2/install/moveit_setup_core_plugins:/home/sanjay/ws_moveit2/install/moveit_setup_controllers:/home/sanjay/ws_moveit2/install/moveit_setup_app_plugins:/home/sanjay/ws_moveit2/install/moveit_setup_framework:/home/sanjay/ws_moveit2/install/moveit_servo:/home/sanjay/ws_moveit2/install/moveit_ros:/home/sanjay/ws_moveit2/install/moveit_ros_visualization:/home/sanjay/ws_moveit2/install/moveit_hybrid_planning:/home/sanjay/ws_moveit2/install/moveit_ros_planning_interface:/home/sanjay/ws_moveit2/install/moveit_ros_benchmarks:/home/sanjay/ws_moveit2/install/moveit_ros_warehouse:/home/sanjay/ws_moveit2/install/moveit_ros_robot_interaction:/home/sanjay/ws_moveit2/install/moveit_ros_perception:/home/sanjay/ws_moveit2/install/moveit_resources_prbt_pg70_support:/home/sanjay/ws_moveit2/install/moveit_resources_prbt_moveit_config:/home/sanjay/ws_moveit2/install/moveit_ros_move_group:/home/sanjay/ws_moveit2/install/moveit_planners_ompl:/home/sanjay/ws_moveit2/install/moveit_ros_planning:/home/sanjay/ws_moveit2/install/moveit_ros_occupancy_map_monitor:/home/sanjay/ws_moveit2/install/moveit_resources_prbt_ikfast_manipulator_plugin:/home/sanjay/ws_moveit2/install/moveit_planners_chomp:/home/sanjay/ws_moveit2/install/moveit_kinematics:/home/sanjay/ws_moveit2/install/moveit_chomp_optimizer_adapter:/home/sanjay/ws_moveit2/install/chomp_motion_planner:/home/sanjay/ws_moveit2/install/moveit_core:/home/sanjay/ws_moveit2/install/srdfdom:/home/sanjay/ws_moveit2/install/rviz_marker_tools:/home/sanjay/ws_moveit2/install/rosparam_shortcuts:/home/sanjay/ws_moveit2/install/moveit_task_constructor_msgs:/home/sanjay/ws_moveit2/install/moveit_resources_prbt_support:/home/sanjay/ws_moveit2/install/moveit_resources:/home/sanjay/ws_moveit2/install/moveit_resources_pr2_description:/home/sanjay/ws_moveit2/install/moveit_resources_panda_moveit_config:/home/sanjay/ws_moveit2/install/moveit_resources_panda_description:/home/sanjay/ws_moveit2/install/moveit_resources_fanuc_moveit_config:/home/sanjay/ws_moveit2/install/moveit_resources_fanuc_description:/home/sanjay/ws_moveit2/install/moveit_common:/home/sanjay/ws_moveit2/install/moveit_configs_utils:/home/sanjay/ws_moveit2/install/launch_param_builder:/opt/ros/humble /usr/bin/cmake --build /home/sanjay/Desktop/cobot600/build/mycobot_pro_600_moveit_config -- -j22 -l22
[2.329s] DEBUG:colcon.colcon_core.event_handler.log_command:Invoking command in '/home/sanjay/Desktop/cobot600/build/mycobot_pro_600_moveit_config': AMENT_PREFIX_PATH=/home/sanjay/Desktop/cobot600/install/mycobot_pro_600:${AMENT_PREFIX_PATH} CMAKE_PREFIX_PATH=/home/sanjay/Desktop/cobot600/install/mycobot_pro_600:/home/sanjay/ws_moveit2/install/pilz_industrial_motion_planner_testutils:/home/sanjay/ws_moveit2/install/moveit_runtime:/home/sanjay/ws_moveit2/install/moveit2_tutorials:/home/sanjay/ws_moveit2/install/moveit:/home/sanjay/ws_moveit2/install/moveit_planners:/home/sanjay/ws_moveit2/install/pilz_industrial_motion_planner:/home/sanjay/ws_moveit2/install/moveit_visual_tools:/home/sanjay/ws_moveit2/install/moveit_task_constructor_visualization:/home/sanjay/ws_moveit2/install/moveit_task_constructor_demo:/home/sanjay/ws_moveit2/install/moveit_task_constructor_capabilities:/home/sanjay/ws_moveit2/install/moveit_task_constructor_core:/home/sanjay/ws_moveit2/install/moveit_ros_control_interface:/home/sanjay/ws_moveit2/install/moveit_plugins:/home/sanjay/ws_moveit2/install/moveit_simple_controller_manager:/home/sanjay/ws_moveit2/install/moveit_setup_assistant:/home/sanjay/ws_moveit2/install/moveit_setup_srdf_plugins:/home/sanjay/ws_moveit2/install/moveit_setup_core_plugins:/home/sanjay/ws_moveit2/install/moveit_setup_controllers:/home/sanjay/ws_moveit2/install/moveit_setup_app_plugins:/home/sanjay/ws_moveit2/install/moveit_setup_framework:/home/sanjay/ws_moveit2/install/moveit_servo:/home/sanjay/ws_moveit2/install/moveit_ros:/home/sanjay/ws_moveit2/install/moveit_ros_visualization:/home/sanjay/ws_moveit2/install/moveit_hybrid_planning:/home/sanjay/ws_moveit2/install/moveit_ros_planning_interface:/home/sanjay/ws_moveit2/install/moveit_ros_benchmarks:/home/sanjay/ws_moveit2/install/moveit_ros_warehouse:/home/sanjay/ws_moveit2/install/moveit_ros_robot_interaction:/home/sanjay/ws_moveit2/install/moveit_ros_perception:/home/sanjay/ws_moveit2/install/moveit_resources_prbt_pg70_support:/home/sanjay/ws_moveit2/install/moveit_resources_prbt_moveit_config:/home/sanjay/ws_moveit2/install/moveit_ros_move_group:/home/sanjay/ws_moveit2/install/moveit_planners_ompl:/home/sanjay/ws_moveit2/install/moveit_ros_planning:/home/sanjay/ws_moveit2/install/moveit_ros_occupancy_map_monitor:/home/sanjay/ws_moveit2/install/moveit_resources_prbt_ikfast_manipulator_plugin:/home/sanjay/ws_moveit2/install/moveit_planners_chomp:/home/sanjay/ws_moveit2/install/moveit_kinematics:/home/sanjay/ws_moveit2/install/moveit_chomp_optimizer_adapter:/home/sanjay/ws_moveit2/install/chomp_motion_planner:/home/sanjay/ws_moveit2/install/moveit_core:/home/sanjay/ws_moveit2/install/srdfdom:/home/sanjay/ws_moveit2/install/rviz_marker_tools:/home/sanjay/ws_moveit2/install/rosparam_shortcuts:/home/sanjay/ws_moveit2/install/moveit_task_constructor_msgs:/home/sanjay/ws_moveit2/install/moveit_resources_prbt_support:/home/sanjay/ws_moveit2/install/moveit_resources:/home/sanjay/ws_moveit2/install/moveit_resources_pr2_description:/home/sanjay/ws_moveit2/install/moveit_resources_panda_moveit_config:/home/sanjay/ws_moveit2/install/moveit_resources_panda_description:/home/sanjay/ws_moveit2/install/moveit_resources_fanuc_moveit_config:/home/sanjay/ws_moveit2/install/moveit_resources_fanuc_description:/home/sanjay/ws_moveit2/install/moveit_common:/home/sanjay/ws_moveit2/install/moveit_configs_utils:/home/sanjay/ws_moveit2/install/launch_param_builder:/opt/ros/humble /usr/bin/cmake --install /home/sanjay/Desktop/cobot600/build/mycobot_pro_600_moveit_config
[2.345s] Level 1:colcon.colcon_core.environment:create_environment_scripts_only(mycobot_pro_600_moveit_config)
[2.346s] Level 1:colcon.colcon_core.environment:checking '/home/sanjay/Desktop/cobot600/install/mycobot_pro_600_moveit_config' for CMake module files
[2.346s] DEBUG:colcon.colcon_core.event_handler.log_command:Invoked command in '/home/sanjay/Desktop/cobot600/build/mycobot_pro_600_moveit_config' returned '0': AMENT_PREFIX_PATH=/home/sanjay/Desktop/cobot600/install/mycobot_pro_600:${AMENT_PREFIX_PATH} CMAKE_PREFIX_PATH=/home/sanjay/Desktop/cobot600/install/mycobot_pro_600:/home/sanjay/ws_moveit2/install/pilz_industrial_motion_planner_testutils:/home/sanjay/ws_moveit2/install/moveit_runtime:/home/sanjay/ws_moveit2/install/moveit2_tutorials:/home/sanjay/ws_moveit2/install/moveit:/home/sanjay/ws_moveit2/install/moveit_planners:/home/sanjay/ws_moveit2/install/pilz_industrial_motion_planner:/home/sanjay/ws_moveit2/install/moveit_visual_tools:/home/sanjay/ws_moveit2/install/moveit_task_constructor_visualization:/home/sanjay/ws_moveit2/install/moveit_task_constructor_demo:/home/sanjay/ws_moveit2/install/moveit_task_constructor_capabilities:/home/sanjay/ws_moveit2/install/moveit_task_constructor_core:/home/sanjay/ws_moveit2/install/moveit_ros_control_interface:/home/sanjay/ws_moveit2/install/moveit_plugins:/home/sanjay/ws_moveit2/install/moveit_simple_controller_manager:/home/sanjay/ws_moveit2/install/moveit_setup_assistant:/home/sanjay/ws_moveit2/install/moveit_setup_srdf_plugins:/home/sanjay/ws_moveit2/install/moveit_setup_core_plugins:/home/sanjay/ws_moveit2/install/moveit_setup_controllers:/home/sanjay/ws_moveit2/install/moveit_setup_app_plugins:/home/sanjay/ws_moveit2/install/moveit_setup_framework:/home/sanjay/ws_moveit2/install/moveit_servo:/home/sanjay/ws_moveit2/install/moveit_ros:/home/sanjay/ws_moveit2/install/moveit_ros_visualization:/home/sanjay/ws_moveit2/install/moveit_hybrid_planning:/home/sanjay/ws_moveit2/install/moveit_ros_planning_interface:/home/sanjay/ws_moveit2/install/moveit_ros_benchmarks:/home/sanjay/ws_moveit2/install/moveit_ros_warehouse:/home/sanjay/ws_moveit2/install/moveit_ros_robot_interaction:/home/sanjay/ws_moveit2/install/moveit_ros_perception:/home/sanjay/ws_moveit2/install/moveit_resources_prbt_pg70_support:/home/sanjay/ws_moveit2/install/moveit_resources_prbt_moveit_config:/home/sanjay/ws_moveit2/install/moveit_ros_move_group:/home/sanjay/ws_moveit2/install/moveit_planners_ompl:/home/sanjay/ws_moveit2/install/moveit_ros_planning:/home/sanjay/ws_moveit2/install/moveit_ros_occupancy_map_monitor:/home/sanjay/ws_moveit2/install/moveit_resources_prbt_ikfast_manipulator_plugin:/home/sanjay/ws_moveit2/install/moveit_planners_chomp:/home/sanjay/ws_moveit2/install/moveit_kinematics:/home/sanjay/ws_moveit2/install/moveit_chomp_optimizer_adapter:/home/sanjay/ws_moveit2/install/chomp_motion_planner:/home/sanjay/ws_moveit2/install/moveit_core:/home/sanjay/ws_moveit2/install/srdfdom:/home/sanjay/ws_moveit2/install/rviz_marker_tools:/home/sanjay/ws_moveit2/install/rosparam_shortcuts:/home/sanjay/ws_moveit2/install/moveit_task_constructor_msgs:/home/sanjay/ws_moveit2/install/moveit_resources_prbt_support:/home/sanjay/ws_moveit2/install/moveit_resources:/home/sanjay/ws_moveit2/install/moveit_resources_pr2_description:/home/sanjay/ws_moveit2/install/moveit_resources_panda_moveit_config:/home/sanjay/ws_moveit2/install/moveit_resources_panda_description:/home/sanjay/ws_moveit2/install/moveit_resources_fanuc_moveit_config:/home/sanjay/ws_moveit2/install/moveit_resources_fanuc_description:/home/sanjay/ws_moveit2/install/moveit_common:/home/sanjay/ws_moveit2/install/moveit_configs_utils:/home/sanjay/ws_moveit2/install/launch_param_builder:/opt/ros/humble /usr/bin/cmake --install /home/sanjay/Desktop/cobot600/build/mycobot_pro_600_moveit_config
[2.347s] Level 1:colcon.colcon_core.environment:checking '/home/sanjay/Desktop/cobot600/install/mycobot_pro_600_moveit_config' for CMake config files
[2.347s] Level 1:colcon.colcon_core.shell:create_environment_hook('mycobot_pro_600_moveit_config', 'cmake_prefix_path')
[2.347s] INFO:colcon.colcon_core.shell:Creating environment hook '/home/sanjay/Desktop/cobot600/install/mycobot_pro_600_moveit_config/share/mycobot_pro_600_moveit_config/hook/cmake_prefix_path.ps1'
[2.348s] INFO:colcon.colcon_core.shell:Creating environment descriptor '/home/sanjay/Desktop/cobot600/install/mycobot_pro_600_moveit_config/share/mycobot_pro_600_moveit_config/hook/cmake_prefix_path.dsv'
[2.348s] INFO:colcon.colcon_core.shell:Creating environment hook '/home/sanjay/Desktop/cobot600/install/mycobot_pro_600_moveit_config/share/mycobot_pro_600_moveit_config/hook/cmake_prefix_path.sh'
[2.349s] Level 1:colcon.colcon_core.environment:checking '/home/sanjay/Desktop/cobot600/install/mycobot_pro_600_moveit_config/bin'
[2.349s] Level 1:colcon.colcon_core.environment:checking '/home/sanjay/Desktop/cobot600/install/mycobot_pro_600_moveit_config/lib/pkgconfig/mycobot_pro_600_moveit_config.pc'
[2.349s] Level 1:colcon.colcon_core.environment:checking '/home/sanjay/Desktop/cobot600/install/mycobot_pro_600_moveit_config/lib/python3.10/site-packages'
[2.349s] Level 1:colcon.colcon_core.environment:checking '/home/sanjay/Desktop/cobot600/install/mycobot_pro_600_moveit_config/bin'
[2.350s] INFO:colcon.colcon_core.shell:Creating package script '/home/sanjay/Desktop/cobot600/install/mycobot_pro_600_moveit_config/share/mycobot_pro_600_moveit_config/package.ps1'
[2.350s] INFO:colcon.colcon_core.shell:Creating package descriptor '/home/sanjay/Desktop/cobot600/install/mycobot_pro_600_moveit_config/share/mycobot_pro_600_moveit_config/package.dsv'
[2.350s] INFO:colcon.colcon_core.shell:Creating package script '/home/sanjay/Desktop/cobot600/install/mycobot_pro_600_moveit_config/share/mycobot_pro_600_moveit_config/package.sh'
[2.351s] INFO:colcon.colcon_core.shell:Creating package script '/home/sanjay/Desktop/cobot600/install/mycobot_pro_600_moveit_config/share/mycobot_pro_600_moveit_config/package.bash'
[2.351s] INFO:colcon.colcon_core.shell:Creating package script '/home/sanjay/Desktop/cobot600/install/mycobot_pro_600_moveit_config/share/mycobot_pro_600_moveit_config/package.zsh'
[2.352s] Level 1:colcon.colcon_core.environment:create_file_with_runtime_dependencies(/home/sanjay/Desktop/cobot600/install/mycobot_pro_600_moveit_config/share/colcon-core/packages/mycobot_pro_600_moveit_config)
[2.352s] Level 1:colcon.colcon_core.environment:create_environment_scripts_only(mycobot_pro_600_moveit_config)
[2.352s] Level 1:colcon.colcon_core.environment:checking '/home/sanjay/Desktop/cobot600/install/mycobot_pro_600_moveit_config' for CMake module files
[2.353s] Level 1:colcon.colcon_core.environment:checking '/home/sanjay/Desktop/cobot600/install/mycobot_pro_600_moveit_config' for CMake config files
[2.353s] Level 1:colcon.colcon_core.shell:create_environment_hook('mycobot_pro_600_moveit_config', 'cmake_prefix_path')
[2.353s] INFO:colcon.colcon_core.shell:Creating environment hook '/home/sanjay/Desktop/cobot600/install/mycobot_pro_600_moveit_config/share/mycobot_pro_600_moveit_config/hook/cmake_prefix_path.ps1'
[2.354s] INFO:colcon.colcon_core.shell:Creating environment descriptor '/home/sanjay/Desktop/cobot600/install/mycobot_pro_600_moveit_config/share/mycobot_pro_600_moveit_config/hook/cmake_prefix_path.dsv'
[2.354s] INFO:colcon.colcon_core.shell:Creating environment hook '/home/sanjay/Desktop/cobot600/install/mycobot_pro_600_moveit_config/share/mycobot_pro_600_moveit_config/hook/cmake_prefix_path.sh'
[2.355s] Level 1:colcon.colcon_core.environment:checking '/home/sanjay/Desktop/cobot600/install/mycobot_pro_600_moveit_config/bin'
[2.355s] Level 1:colcon.colcon_core.environment:checking '/home/sanjay/Desktop/cobot600/install/mycobot_pro_600_moveit_config/lib/pkgconfig/mycobot_pro_600_moveit_config.pc'
[2.355s] Level 1:colcon.colcon_core.environment:checking '/home/sanjay/Desktop/cobot600/install/mycobot_pro_600_moveit_config/lib/python3.10/site-packages'
[2.355s] Level 1:colcon.colcon_core.environment:checking '/home/sanjay/Desktop/cobot600/install/mycobot_pro_600_moveit_config/bin'
[2.355s] INFO:colcon.colcon_core.shell:Creating package script '/home/sanjay/Desktop/cobot600/install/mycobot_pro_600_moveit_config/share/mycobot_pro_600_moveit_config/package.ps1'
[2.356s] INFO:colcon.colcon_core.shell:Creating package descriptor '/home/sanjay/Desktop/cobot600/install/mycobot_pro_600_moveit_config/share/mycobot_pro_600_moveit_config/package.dsv'
[2.357s] INFO:colcon.colcon_core.shell:Creating package script '/home/sanjay/Desktop/cobot600/install/mycobot_pro_600_moveit_config/share/mycobot_pro_600_moveit_config/package.sh'
[2.357s] INFO:colcon.colcon_core.shell:Creating package script '/home/sanjay/Desktop/cobot600/install/mycobot_pro_600_moveit_config/share/mycobot_pro_600_moveit_config/package.bash'
[2.357s] INFO:colcon.colcon_core.shell:Creating package script '/home/sanjay/Desktop/cobot600/install/mycobot_pro_600_moveit_config/share/mycobot_pro_600_moveit_config/package.zsh'
[2.358s] Level 1:colcon.colcon_core.environment:create_file_with_runtime_dependencies(/home/sanjay/Desktop/cobot600/install/mycobot_pro_600_moveit_config/share/colcon-core/packages/mycobot_pro_600_moveit_config)
[3.203s] DEBUG:colcon.colcon_core.event_handler.log_command:Invoked command in '/home/sanjay/Desktop/cobot600/build/cpp_cobot_planning' returned '0': CMAKE_PREFIX_PATH=${CMAKE_PREFIX_PATH}:/home/sanjay/ws_moveit2/install/moveit_configs_utils:/home/sanjay/ws_moveit2/install/launch_param_builder:/opt/ros/humble /usr/bin/cmake /home/sanjay/Desktop/cobot600/src/cpp_cobot_planning -DCMAKE_INSTALL_PREFIX=/home/sanjay/Desktop/cobot600/install/cpp_cobot_planning
[3.206s] DEBUG:colcon.colcon_core.event_handler.log_command:Invoking command in '/home/sanjay/Desktop/cobot600/build/cpp_cobot_planning': CMAKE_PREFIX_PATH=${CMAKE_PREFIX_PATH}:/home/sanjay/ws_moveit2/install/moveit_configs_utils:/home/sanjay/ws_moveit2/install/launch_param_builder:/opt/ros/humble /usr/bin/cmake --build /home/sanjay/Desktop/cobot600/build/cpp_cobot_planning -- -j22 -l22
[20.928s] DEBUG:colcon.colcon_core.event_handler.log_command:Invoked command in '/home/sanjay/Desktop/cobot600/build/cpp_cobot_planning' returned '0': CMAKE_PREFIX_PATH=${CMAKE_PREFIX_PATH}:/home/sanjay/ws_moveit2/install/moveit_configs_utils:/home/sanjay/ws_moveit2/install/launch_param_builder:/opt/ros/humble /usr/bin/cmake --build /home/sanjay/Desktop/cobot600/build/cpp_cobot_planning -- -j22 -l22
[20.929s] DEBUG:colcon.colcon_core.event_handler.log_command:Invoking command in '/home/sanjay/Desktop/cobot600/build/cpp_cobot_planning': CMAKE_PREFIX_PATH=${CMAKE_PREFIX_PATH}:/home/sanjay/ws_moveit2/install/moveit_configs_utils:/home/sanjay/ws_moveit2/install/launch_param_builder:/opt/ros/humble /usr/bin/cmake --install /home/sanjay/Desktop/cobot600/build/cpp_cobot_planning
[20.952s] Level 1:colcon.colcon_core.environment:create_environment_scripts_only(cpp_cobot_planning)
[20.952s] Level 1:colcon.colcon_core.environment:checking '/home/sanjay/Desktop/cobot600/install/cpp_cobot_planning' for CMake module files
[20.953s] DEBUG:colcon.colcon_core.event_handler.log_command:Invoked command in '/home/sanjay/Desktop/cobot600/build/cpp_cobot_planning' returned '0': CMAKE_PREFIX_PATH=${CMAKE_PREFIX_PATH}:/home/sanjay/ws_moveit2/install/moveit_configs_utils:/home/sanjay/ws_moveit2/install/launch_param_builder:/opt/ros/humble /usr/bin/cmake --install /home/sanjay/Desktop/cobot600/build/cpp_cobot_planning
[20.953s] Level 1:colcon.colcon_core.environment:checking '/home/sanjay/Desktop/cobot600/install/cpp_cobot_planning' for CMake config files
[20.953s] Level 1:colcon.colcon_core.shell:create_environment_hook('cpp_cobot_planning', 'cmake_prefix_path')
[20.954s] INFO:colcon.colcon_core.shell:Creating environment hook '/home/sanjay/Desktop/cobot600/install/cpp_cobot_planning/share/cpp_cobot_planning/hook/cmake_prefix_path.ps1'
[20.954s] INFO:colcon.colcon_core.shell:Creating environment descriptor '/home/sanjay/Desktop/cobot600/install/cpp_cobot_planning/share/cpp_cobot_planning/hook/cmake_prefix_path.dsv'
[20.954s] INFO:colcon.colcon_core.shell:Creating environment hook '/home/sanjay/Desktop/cobot600/install/cpp_cobot_planning/share/cpp_cobot_planning/hook/cmake_prefix_path.sh'
[20.955s] Level 1:colcon.colcon_core.environment:checking '/home/sanjay/Desktop/cobot600/install/cpp_cobot_planning/lib'
[20.955s] Level 1:colcon.colcon_core.environment:checking '/home/sanjay/Desktop/cobot600/install/cpp_cobot_planning/bin'
[20.955s] Level 1:colcon.colcon_core.environment:checking '/home/sanjay/Desktop/cobot600/install/cpp_cobot_planning/lib/pkgconfig/cpp_cobot_planning.pc'
[20.956s] Level 1:colcon.colcon_core.environment:checking '/home/sanjay/Desktop/cobot600/install/cpp_cobot_planning/lib/python3.10/site-packages'
[20.956s] Level 1:colcon.colcon_core.environment:checking '/home/sanjay/Desktop/cobot600/install/cpp_cobot_planning/bin'
[20.956s] INFO:colcon.colcon_core.shell:Creating package script '/home/sanjay/Desktop/cobot600/install/cpp_cobot_planning/share/cpp_cobot_planning/package.ps1'
[20.956s] INFO:colcon.colcon_core.shell:Creating package descriptor '/home/sanjay/Desktop/cobot600/install/cpp_cobot_planning/share/cpp_cobot_planning/package.dsv'
[20.957s] INFO:colcon.colcon_core.shell:Creating package script '/home/sanjay/Desktop/cobot600/install/cpp_cobot_planning/share/cpp_cobot_planning/package.sh'
[20.957s] INFO:colcon.colcon_core.shell:Creating package script '/home/sanjay/Desktop/cobot600/install/cpp_cobot_planning/share/cpp_cobot_planning/package.bash'
[20.957s] INFO:colcon.colcon_core.shell:Creating package script '/home/sanjay/Desktop/cobot600/install/cpp_cobot_planning/share/cpp_cobot_planning/package.zsh'
[20.958s] Level 1:colcon.colcon_core.environment:create_file_with_runtime_dependencies(/home/sanjay/Desktop/cobot600/install/cpp_cobot_planning/share/colcon-core/packages/cpp_cobot_planning)
[20.958s] Level 1:colcon.colcon_core.environment:create_environment_scripts_only(cpp_cobot_planning)
[20.958s] Level 1:colcon.colcon_core.environment:checking '/home/sanjay/Desktop/cobot600/install/cpp_cobot_planning' for CMake module files
[20.959s] Level 1:colcon.colcon_core.environment:checking '/home/sanjay/Desktop/cobot600/install/cpp_cobot_planning' for CMake config files
[20.959s] Level 1:colcon.colcon_core.shell:create_environment_hook('cpp_cobot_planning', 'cmake_prefix_path')
[20.959s] INFO:colcon.colcon_core.shell:Creating environment hook '/home/sanjay/Desktop/cobot600/install/cpp_cobot_planning/share/cpp_cobot_planning/hook/cmake_prefix_path.ps1'
[20.959s] INFO:colcon.colcon_core.shell:Creating environment descriptor '/home/sanjay/Desktop/cobot600/install/cpp_cobot_planning/share/cpp_cobot_planning/hook/cmake_prefix_path.dsv'
[20.960s] INFO:colcon.colcon_core.shell:Creating environment hook '/home/sanjay/Desktop/cobot600/install/cpp_cobot_planning/share/cpp_cobot_planning/hook/cmake_prefix_path.sh'
[20.960s] Level 1:colcon.colcon_core.environment:checking '/home/sanjay/Desktop/cobot600/install/cpp_cobot_planning/lib'
[20.960s] Level 1:colcon.colcon_core.environment:checking '/home/sanjay/Desktop/cobot600/install/cpp_cobot_planning/bin'
[20.960s] Level 1:colcon.colcon_core.environment:checking '/home/sanjay/Desktop/cobot600/install/cpp_cobot_planning/lib/pkgconfig/cpp_cobot_planning.pc'
[20.961s] Level 1:colcon.colcon_core.environment:checking '/home/sanjay/Desktop/cobot600/install/cpp_cobot_planning/lib/python3.10/site-packages'
[20.961s] Level 1:colcon.colcon_core.environment:checking '/home/sanjay/Desktop/cobot600/install/cpp_cobot_planning/bin'
[20.961s] INFO:colcon.colcon_core.shell:Creating package script '/home/sanjay/Desktop/cobot600/install/cpp_cobot_planning/share/cpp_cobot_planning/package.ps1'
[20.962s] INFO:colcon.colcon_core.shell:Creating package descriptor '/home/sanjay/Desktop/cobot600/install/cpp_cobot_planning/share/cpp_cobot_planning/package.dsv'
[20.962s] INFO:colcon.colcon_core.shell:Creating package script '/home/sanjay/Desktop/cobot600/install/cpp_cobot_planning/share/cpp_cobot_planning/package.sh'
[20.962s] INFO:colcon.colcon_core.shell:Creating package script '/home/sanjay/Desktop/cobot600/install/cpp_cobot_planning/share/cpp_cobot_planning/package.bash'
[20.963s] INFO:colcon.colcon_core.shell:Creating package script '/home/sanjay/Desktop/cobot600/install/cpp_cobot_planning/share/cpp_cobot_planning/package.zsh'
[20.963s] Level 1:colcon.colcon_core.environment:create_file_with_runtime_dependencies(/home/sanjay/Desktop/cobot600/install/cpp_cobot_planning/share/colcon-core/packages/cpp_cobot_planning)
[20.963s] DEBUG:colcon.colcon_parallel_executor.executor.parallel:closing loop
[20.964s] DEBUG:colcon.colcon_parallel_executor.executor.parallel:loop closed
[20.964s] DEBUG:colcon.colcon_parallel_executor.executor.parallel:run_until_complete finished with '0'
[20.964s] DEBUG:colcon.colcon_core.event_reactor:joining thread
[20.969s] INFO:colcon.colcon_core.plugin_system:Skipping extension 'colcon_notification.desktop_notification.terminal_notifier': Not used on non-Darwin systems
[20.969s] INFO:colcon.colcon_core.plugin_system:Skipping extension 'colcon_notification.desktop_notification.win32': Not used on non-Windows systems
[20.969s] INFO:colcon.colcon_notification.desktop_notification:Sending desktop notification using 'notify2'
[20.984s] DEBUG:colcon.colcon_core.event_reactor:joined thread
[20.985s] INFO:colcon.colcon_core.shell:Creating prefix script '/home/sanjay/Desktop/cobot600/install/local_setup.ps1'
[20.986s] INFO:colcon.colcon_core.shell:Creating prefix util module '/home/sanjay/Desktop/cobot600/install/_local_setup_util_ps1.py'
[20.987s] INFO:colcon.colcon_core.shell:Creating prefix chain script '/home/sanjay/Desktop/cobot600/install/setup.ps1'
[20.990s] INFO:colcon.colcon_core.shell:Creating prefix script '/home/sanjay/Desktop/cobot600/install/local_setup.sh'
[20.991s] INFO:colcon.colcon_core.shell:Creating prefix util module '/home/sanjay/Desktop/cobot600/install/_local_setup_util_sh.py'
[20.991s] INFO:colcon.colcon_core.shell:Creating prefix chain script '/home/sanjay/Desktop/cobot600/install/setup.sh'
[20.994s] INFO:colcon.colcon_core.shell:Creating prefix script '/home/sanjay/Desktop/cobot600/install/local_setup.bash'
[20.995s] INFO:colcon.colcon_core.shell:Creating prefix chain script '/home/sanjay/Desktop/cobot600/install/setup.bash'
[20.997s] INFO:colcon.colcon_core.shell:Creating prefix script '/home/sanjay/Desktop/cobot600/install/local_setup.zsh'
[20.998s] INFO:colcon.colcon_core.shell:Creating prefix chain script '/home/sanjay/Desktop/cobot600/install/setup.zsh'
